<?xml version="1.0" encoding="UTF-8"?>
<!-- Generated by org.testng.reporters.JUnitReportReporter -->
<testsuite hostname="LAPTOP-N4US75F9" failures="0" tests="2" name="TestNG.TestCase1" time="0.023" errors="0" timestamp="22 May 2021 15:17:38 GMT" skipped="0">
  <testcase classname="TestNG.TestCase1" name="test1" time="0.019"/>
  <testcase classname="TestNG.TestCase1" name="test2" time="0.004"/>
</testsuite> <!-- TestNG.TestCase1 -->
