<?xml version="1.0" encoding="UTF-8"?>
<!-- Generated by org.testng.reporters.JUnitReportReporter -->
<testsuite hostname="LAPTOP-N4US75F9" failures="0" tests="1" name="TestNG.TestCase2" time="0.007" errors="0" timestamp="22 May 2021 14:44:23 GMT" skipped="0">
  <testcase classname="TestNG.TestCase2" name="test3" time="0.007"/>
</testsuite> <!-- TestNG.TestCase2 -->
