<?xml version="1.0" encoding="UTF-8"?>
<!-- Generated by org.testng.reporters.JUnitReportReporter -->
<testsuite hostname="LAPTOP-N4US75F9" failures="0" tests="1" name="Test.FBDemo" time="21.008" errors="0" timestamp="22 May 2021 16:14:11 GMT" skipped="0">
  <testcase classname="Test.FBDemo" name="login" time="21.008"/>
</testsuite> <!-- Test.FBDemo -->
